
Showing logs for build [32mjenkins-x-labs-bot-bdd-gh-15859-4bnmm-1[0m stage [32mfrom-build-pack[0m and container [32mstep-credential-initializer-wxsw9[0m
{"level":"warn","ts":1585984078.077844,"logger":"fallback-logger","caller":"logging/config.go:69","msg":"Fetch GitHub commit ID from kodata failed: \"ref: refs/heads/0.8.0-**-support-backwards-incompats\" is not a valid GitHub commit ID"}
{"level":"info","ts":1585984078.0783,"logger":"fallback-logger","caller":"creds-init/main.go:40","msg":"Credentials initialized."}

Showing logs for build [32mjenkins-x-labs-bot-bdd-gh-15859-4bnmm-1[0m stage [32mfrom-build-pack[0m and container [32mstep-working-dir-initializer-2lzzc[0m
{"level":"warn","ts":1585984079.0886166,"logger":"fallback-logger","caller":"logging/config.go:69","msg":"Fetch GitHub commit ID from kodata failed: open /var/run/ko/HEAD: no such file or directory"}
{"level":"info","ts":1585984079.0896819,"logger":"fallback-logger","caller":"bash/main.go:64","msg":"Successfully executed command \"sh -c mkdir -p /workspace/source\"; output "}

Showing logs for build [32mjenkins-x-labs-bot-bdd-gh-15859-4bnmm-1[0m stage [32mfrom-build-pack[0m and container [32mstep-place-tools[0m

Showing logs for build [32mjenkins-x-labs-bot-bdd-gh-15859-4bnmm-1[0m stage [32mfrom-build-pack[0m and container [32mstep-git-source-jenkins-x-labs-bot-bdd-gh-15859-4bnmm-s4rp6[0m
{"level":"warn","ts":1585984085.2140527,"logger":"fallback-logger","caller":"logging/config.go:69","msg":"Fetch GitHub commit ID from kodata failed: \"ref: refs/heads/0.8.0-**-support-backwards-incompats\" is not a valid GitHub commit ID"}
{"level":"info","ts":1585984086.3243997,"logger":"fallback-logger","caller":"git/git.go:103","msg":"Successfully cloned https://github.com/******************/bdd-gh-1585983571.git @ master in path /workspace/source"}

Showing logs for build [32mjenkins-x-labs-bot-bdd-gh-15859-4bnmm-1[0m stage [32mfrom-build-pack[0m and container [32mstep-git-merge[0m
Using SHAs from PULL_REFS=master:a1796f61b378f8e5fc809f244dde7d620924352d,1:1f38a25b5e5513eed1d9b57a08edc04ff06753f0
DEBUG: LC_ALL=C JX_LOG_LEVEL=error git fetch origin --unshallow 1f38a25b5e5513eed1d9b57a08edc04ff06753f0: a1796f61b378f8e5fc809f244dde7d620924352d:
DEBUG: ran git fetch --unshallow origin 1f38a25b5e5513eed1d9b57a08edc04ff06753f0: a1796f61b378f8e5fc809f244dde7d620924352d: in 
DEBUG: LC_ALL=C JX_LOG_LEVEL=error git branch
DEBUG: LC_ALL=C JX_LOG_LEVEL=error git checkout master
DEBUG: ran git checkout master in 
DEBUG: JX_LOG_LEVEL=error LC_ALL=C git reset --hard a1796f61b378f8e5fc809f244dde7d620924352d
DEBUG: ran git reset --hard a1796f61b378f8e5fc809f244dde7d620924352d in 
DEBUG: LC_ALL=C JX_LOG_LEVEL=error git clean -fd .
DEBUG: ran clean --force -d . in 
DEBUG: LC_ALL=C JX_LOG_LEVEL=error git merge 1f38a25b5e5513eed1d9b57a08edc04ff06753f0
DEBUG: ran git merge 1f38a25b5e5513eed1d9b57a08edc04ff06753f0 in 
DEBUG: JX_LOG_LEVEL=error LC_ALL=C git log --format=%H%x1f%an%x1f%ae%x1f%cn%x1f%ce%x1f%s%n%b%x1e a1796f61b378f8e5fc809f244dde7d620924352d..HEAD
Merged SHA 1f38a25b5e5513eed1d9b57a08edc04ff06753f0 with commit message 'My first PR commit' into base branch master

Showing logs for build [32mjenkins-x-labs-bot-bdd-gh-15859-4bnmm-1[0m stage [32mfrom-build-pack[0m and container [32mstep-build-make-linux[0m
CGO_ENABLED=0 GOOS=linux GOARCH=amd64 GO15VENDOREXPERIMENT=1 go build -ldflags '' -o bin/bdd-gh-1585983571 main.go

Showing logs for build [32mjenkins-x-labs-bot-bdd-gh-15859-4bnmm-1[0m stage [32mfrom-build-pack[0m and container [32mstep-build-container-build[0m
ERROR: logging before flag.Parse: E0404 07:08:13.019188      11 metadata.go:241] Failed to unmarshal scopes: invalid character 'h' looking for beginning of value
[36mINFO[0m[0000] No base image, nothing to extract            
[36mINFO[0m[0000] cmd: EXPOSE                                  
[36mINFO[0m[0000] Adding exposed port: 8080/tcp                
[36mINFO[0m[0000] Using files from context: [/workspace/source/bin] 
[36mINFO[0m[0000] Skipping unpacking as no commands require it. 
[36mINFO[0m[0000] Taking snapshot of full filesystem...        
[36mINFO[0m[0000] EXPOSE 8080                                  
[36mINFO[0m[0000] cmd: EXPOSE                                  
[36mINFO[0m[0000] Adding exposed port: 8080/tcp                
[36mINFO[0m[0000] No files changed in this command, skipping snapshotting. 
[36mINFO[0m[0000] ENTRYPOINT ["/bdd-gh-1585983571"]            
[36mINFO[0m[0000] No files changed in this command, skipping snapshotting. 
[36mINFO[0m[0000] Using files from context: [/workspace/source/bin] 
[36mINFO[0m[0000] COPY ./bin/ /                                
[36mINFO[0m[0000] Taking snapshot of files...                  
2020/04/04 07:08:16 pushed blob: sha256:9bcb9d174c700c15d2b7f29f36576fca2b970b2371eb4dda7993ee823e9856bd
2020/04/04 07:08:17 pushed blob: sha256:73d1ffc38db6d3a86cabaf003047047c72d3317d524434e6c391d992e4e14e54
2020/04/04 07:08:18 gcr.io/jenkins-x-labs-bdd/bdd-gh-1585983571:0.0.0-SNAPSHOT-PR-1-1: digest: sha256:a0f7d903699bf2367682ee45ad26e7fe0753628c780d5d7bc966eb9438229fcd size: 428

Showing logs for build [32mjenkins-x-labs-bot-bdd-gh-15859-4bnmm-1[0m stage [32mfrom-build-pack[0m and container [32mstep-postbuild-post-build[0m
no CVE provider running in the current ** namespace so skip adding image to be analysed

Showing logs for build [32mjenkins-x-labs-bot-bdd-gh-15859-4bnmm-1[0m stage [32mfrom-build-pack[0m and container [32mstep-promote-make-preview[0m
sed -i -e "s/version:.*/version: 0.0.0-SNAPSHOT-PR-1-1/" Chart.yaml
sed -i -e "s/version:.*/version: 0.0.0-SNAPSHOT-PR-1-1/" ../*/Chart.yaml
sed -i -e "s|repository:.*|repository: gcr.io\/jenkins-x-labs-bdd\/bdd-gh-1585983571|" values.yaml
sed -i -e "s/tag:.*/tag: 0.0.0-SNAPSHOT-PR-1-1/" values.yaml
echo "  version: 0.0.0-SNAPSHOT-PR-1-1" >> requirements.yaml
** step helm build
WARNING: No $CHART_REPOSITORY defined so using the default value of: http://jenkins-x-chartmuseum:8080
Adding missing Helm repo: storage.googleapis.com https://storage.googleapis.com/chartmuseum.jenkins-x.io
Successfully added Helm repository storage.googleapis.com.
Adding missing Helm repo: jenkins-x-chartmuseum http://jenkins-x-chartmuseum:8080
Successfully added Helm repository jenkins-x-chartmuseum.
WARNING: No $CHART_REPOSITORY defined so using the default value of: http://jenkins-x-chartmuseum:8080

Showing logs for build [32mjenkins-x-labs-bot-bdd-gh-15859-4bnmm-1[0m stage [32mfrom-build-pack[0m and container [32mstep-promote-jx-preview[0m
Creating a preview
Created environment ******************-bdd-gh-1585983571-pr-1
Namespace **-******************-bdd-gh-1585983571-pr-1 created 
expose:
  Annotations:
    helm.sh/hook: post-install,post-upgrade
    helm.sh/hook-delete-policy: hook-succeeded
  config:
    domain: 35.241.134.127.nip.io
    exposer: Ingress
    http: "true"
preview:
  image:
    repository: gcr.io/jenkins-x-labs-bdd/bdd-gh-1585983571
    tag: 0.0.0-SNAPSHOT-PR-1-1
adding helm values file /workspace/source/charts/preview/**Requirements.values.yaml for namespace **-******************-bdd-gh-1585983571-pr-1
Updating PipelineActivities ******************-bdd-gh-1585983571-pr-1-1 which has status Running
WARNING: preview application http://bdd-gh-1585983571-**-******************-bdd-gh-1585983571-pr-1.35.241.134.127.nip.io not available, error was 503 503 Service Temporarily Unavailable, delaying for: 1.252573036s
WARNING: preview application http://bdd-gh-1585983571-**-******************-bdd-gh-1585983571-pr-1.35.241.134.127.nip.io not available, error was 503 503 Service Temporarily Unavailable, delaying for: 1.795078749s
Preview application is now available at: http://bdd-gh-1585983571-**-******************-bdd-gh-1585983571-pr-1.35.241.134.127.nip.io
