
Showing logs for build [32mjenkins-x-labs-bot-bdd-gh-15859-9hjkf-1[0m stage [32mfrom-build-pack[0m and container [32mstep-credential-initializer-46cxc[0m
{"level":"warn","ts":1585983716.3663466,"logger":"fallback-logger","caller":"logging/config.go:69","msg":"Fetch GitHub commit ID from kodata failed: \"ref: refs/heads/0.8.0-**-support-backwards-incompats\" is not a valid GitHub commit ID"}
{"level":"info","ts":1585983716.3668942,"logger":"fallback-logger","caller":"creds-init/main.go:40","msg":"Credentials initialized."}

Showing logs for build [32mjenkins-x-labs-bot-bdd-gh-15859-9hjkf-1[0m stage [32mfrom-build-pack[0m and container [32mstep-working-dir-initializer-fgqzj[0m
{"level":"warn","ts":1585983717.7049046,"logger":"fallback-logger","caller":"logging/config.go:69","msg":"Fetch GitHub commit ID from kodata failed: open /var/run/ko/HEAD: no such file or directory"}
{"level":"info","ts":1585983717.7060332,"logger":"fallback-logger","caller":"bash/main.go:64","msg":"Successfully executed command \"sh -c mkdir -p /workspace/source\"; output "}

Showing logs for build [32mjenkins-x-labs-bot-bdd-gh-15859-9hjkf-1[0m stage [32mfrom-build-pack[0m and container [32mstep-place-tools[0m

Showing logs for build [32mjenkins-x-labs-bot-bdd-gh-15859-9hjkf-1[0m stage [32mfrom-build-pack[0m and container [32mstep-git-source-jenkins-x-labs-bot-bdd-gh-15859-9hjkf-xswmf[0m
{"level":"warn","ts":1585983795.8058522,"logger":"fallback-logger","caller":"logging/config.go:69","msg":"Fetch GitHub commit ID from kodata failed: \"ref: refs/heads/0.8.0-**-support-backwards-incompats\" is not a valid GitHub commit ID"}
{"level":"info","ts":1585983796.8615737,"logger":"fallback-logger","caller":"git/git.go:103","msg":"Successfully cloned https://github.com/******************/bdd-gh-1585983571.git @ v0.0.1 in path /workspace/source"}

Showing logs for build [32mjenkins-x-labs-bot-bdd-gh-15859-9hjkf-1[0m stage [32mfrom-build-pack[0m and container [32mstep-git-merge[0m
Using SHAs from PULL_REFS=master:
WARNING: no SHAs to merge, falling back to initial cloned commit

Showing logs for build [32mjenkins-x-labs-bot-bdd-gh-15859-9hjkf-1[0m stage [32mfrom-build-pack[0m and container [32mstep-setup-jx-git-credentials[0m
Generated Git credentials file /workspace/xdg_config/git/credentials

Showing logs for build [32mjenkins-x-labs-bot-bdd-gh-15859-9hjkf-1[0m stage [32mfrom-build-pack[0m and container [32mstep-build-make-build[0m
CGO_ENABLED=0 GO15VENDOREXPERIMENT=1 go build -ldflags '' -o bin/bdd-gh-1585983571 main.go

Showing logs for build [32mjenkins-x-labs-bot-bdd-gh-15859-9hjkf-1[0m stage [32mfrom-build-pack[0m and container [32mstep-build-container-build[0m
ERROR: logging before flag.Parse: E0404 07:03:27.619291      12 metadata.go:241] Failed to unmarshal scopes: invalid character 'h' looking for beginning of value
[36mINFO[0m[0000] No base image, nothing to extract            
[36mINFO[0m[0000] cmd: EXPOSE                                  
[36mINFO[0m[0000] Adding exposed port: 8080/tcp                
[36mINFO[0m[0000] Using files from context: [/workspace/source/bin] 
[36mINFO[0m[0000] Skipping unpacking as no commands require it. 
[36mINFO[0m[0000] Taking snapshot of full filesystem...        
[36mINFO[0m[0000] EXPOSE 8080                                  
[36mINFO[0m[0000] cmd: EXPOSE                                  
[36mINFO[0m[0000] Adding exposed port: 8080/tcp                
[36mINFO[0m[0000] No files changed in this command, skipping snapshotting. 
[36mINFO[0m[0000] ENTRYPOINT ["/bdd-gh-1585983571"]            
[36mINFO[0m[0000] No files changed in this command, skipping snapshotting. 
[36mINFO[0m[0000] Using files from context: [/workspace/source/bin] 
[36mINFO[0m[0000] COPY ./bin/ /                                
[36mINFO[0m[0000] Taking snapshot of files...                  
2020/04/04 07:03:31 pushed blob: sha256:ddd9a9cfdc4555b99f8043787381a2e1e7d1e3eac8996b0c5b14ae5019f1aa9f
2020/04/04 07:03:31 pushed blob: sha256:75cf107b0c1b2fc32528df09f5fabb965fe0288b71068613f5af599ef67e0ecd
2020/04/04 07:03:33 gcr.io/jenkins-x-labs-bdd/bdd-gh-1585983571:0.0.1: digest: sha256:f5293265e026c9132d805db7d6c4d8ebb4bf3cf72a9ead5204b08ec88fc65037 size: 428

Showing logs for build [32mjenkins-x-labs-bot-bdd-gh-15859-9hjkf-1[0m stage [32mfrom-build-pack[0m and container [32mstep-build-post-build[0m
no CVE provider running in the current ** namespace so skip adding image to be analysed

Showing logs for build [32mjenkins-x-labs-bot-bdd-gh-15859-9hjkf-1[0m stage [32mfrom-build-pack[0m and container [32mstep-promote-changelog[0m
Converted /workspace/source/charts/bdd-gh-1585983571 to an unshallow repository
Generating change log from git ref 6a965cb84af09ce4e0b86aa389a2ba759d3d8f5f => 342d73b364fcd2303e41f872c093a62b11322260
Associating user x-0 in users.jenkins.io with email jenkins-x@googlegroups.com to git GitProvider user with login -0 as emails match
Adding label jenkins.io/git-github-userid=-0 to user x-0 in users.jenkins.io
WARNING: Failed to enrich commit a1796f61b378f8e5fc809f244dde7d620924352d with issues: User.jenkins.io "x-0" is invalid: metadata.labels: Invalid value: "-0": a valid label must be an empty string or consist of alphanumeric characters, '-', '_' or '.', and must start and end with an alphanumeric character (e.g. 'MyValue',  or 'my_value',  or '12345', regex used for validation is '(([A-Za-z0-9][-A-Za-z0-9_.]*)?[A-Za-z0-9])?')
Finding issues in commit messages using git format
WARNING: No release found for ******************/bdd-gh-1585983571 and tag v0.0.1 so creating a new release
Updated the release information at https://github.com/******************/bdd-gh-1585983571/releases/tag/v0.0.1
generated: /workspace/source/charts/bdd-gh-1585983571/templates/release.yaml
Created Release bdd-gh-1585983571-0-0-1 resource in namespace **
Updating PipelineActivity ******************-bdd-gh-1585983571-master-1 with version 0.0.1
Updated PipelineActivities ******************-bdd-gh-1585983571-master-1 with release notes URL: https://github.com/******************/bdd-gh-1585983571/releases/tag/v0.0.1

Showing logs for build [32mjenkins-x-labs-bot-bdd-gh-15859-9hjkf-1[0m stage [32mfrom-build-pack[0m and container [32mstep-promote-helm-release[0m
WARNING: No $CHART_REPOSITORY defined so using the default value of: http://jenkins-x-chartmuseum:8080
Adding missing Helm repo: storage.googleapis.com https://storage.googleapis.com/chartmuseum.jenkins-x.io
Successfully added Helm repository storage.googleapis.com.
Adding missing Helm repo: jenkins-x-chartmuseum http://jenkins-x-chartmuseum:8080
Successfully added Helm repository jenkins-x-chartmuseum.
WARNING: No $CHART_REPOSITORY defined so using the default value of: http://jenkins-x-chartmuseum:8080
Uploading chart file bdd-gh-1585983571-0.0.1.tgz to http://jenkins-x-chartmuseum:8080/api/charts
Received 201 response: {"saved":true}

Showing logs for build [32mjenkins-x-labs-bot-bdd-gh-15859-9hjkf-1[0m stage [32mfrom-build-pack[0m and container [32mstep-promote-jx-promote[0m
WARNING: prow based install so skip waiting for the merge of Pull Requests to go green as currently there is an issue with gettingstatuses from the PR, see https://github.com/jenkins-x/**/issues/2410
WARNING: No $CHART_REPOSITORY defined so using the default value of: http://jenkins-x-chartmuseum:8080
Promoting app bdd-gh-1585983571 version 0.0.1 to namespace **-staging
WARNING: 
Created Pull Request: https://github.com/******************/environment-pr-60-1-bdd-boot-helm3-staging/pull/1
Added label updatebot to Pull Request https://github.com/******************/environment-pr-60-1-bdd-boot-helm3-staging/pull/1
got git provider status pending from PR https://github.com/******************/environment-pr-60-1-bdd-boot-helm3-staging/pull/1
got git provider status pending from PR https://github.com/******************/environment-pr-60-1-bdd-boot-helm3-staging/pull/1
got git provider status pending from PR https://github.com/******************/environment-pr-60-1-bdd-boot-helm3-staging/pull/1
got git provider status pending from PR https://github.com/******************/environment-pr-60-1-bdd-boot-helm3-staging/pull/1
Pull Request https://github.com/******************/environment-pr-60-1-bdd-boot-helm3-staging/pull/1 is merged at sha 11667fa19479b470d7adb83859d71bd1097d755f
Pull Request merged but we are not waiting for the update pipeline to complete!
WARNING: Could not find the service URL in namespace **-staging for names bdd-gh-1585983571, **-bdd-gh-1585983571, **-staging-bdd-gh-1585983571
